<?xml version="1.0" encoding="UTF-8"?>
<testsuite xmlns:xsi="http://www.w3.org/2001/XMLSchema-instance" xsi:noNamespaceSchemaLocation="https://maven.apache.org/surefire/maven-surefire-plugin/xsd/surefire-test-report-3.0.xsd" version="3.0" name="TestSuite" time="84.266" tests="2" errors="0" skipped="0" failures="0">
  <properties>
    <property name="sun.desktop" value="windows"/>
    <property name="awt.toolkit" value="sun.awt.windows.WToolkit"/>
    <property name="file.encoding.pkg" value="sun.io"/>
    <property name="java.specification.version" value="1.8"/>
    <property name="webdriver.chrome.driver" value="G:\workspace\POM-Practice/Driverss/chromedriver.exe"/>
    <property name="sun.cpu.isalist" value="amd64"/>
    <property name="sun.jnu.encoding" value="Cp1252"/>
    <property name="java.class.path" value="G:\workspace\POM-Practice\target\test-classes;G:\workspace\POM-Practice\target\classes;G:\Personal\Owner\Library\org\seleniumhq\selenium\selenium-java\3.4.0\selenium-java-3.4.0.jar;G:\Personal\Owner\Library\org\seleniumhq\selenium\selenium-api\3.4.0\selenium-api-3.4.0.jar;G:\Personal\Owner\Library\org\seleniumhq\selenium\selenium-chrome-driver\3.4.0\selenium-chrome-driver-3.4.0.jar;G:\Personal\Owner\Library\org\seleniumhq\selenium\selenium-edge-driver\3.4.0\selenium-edge-driver-3.4.0.jar;G:\Personal\Owner\Library\org\seleniumhq\selenium\selenium-firefox-driver\3.4.0\selenium-firefox-driver-3.4.0.jar;G:\Personal\Owner\Library\org\seleniumhq\selenium\selenium-ie-driver\3.4.0\selenium-ie-driver-3.4.0.jar;G:\Personal\Owner\Library\org\seleniumhq\selenium\selenium-opera-driver\3.4.0\selenium-opera-driver-3.4.0.jar;G:\Personal\Owner\Library\org\seleniumhq\selenium\selenium-remote-driver\3.4.0\selenium-remote-driver-3.4.0.jar;G:\Personal\Owner\Library\org\seleniumhq\selenium\selenium-safari-driver\3.4.0\selenium-safari-driver-3.4.0.jar;G:\Personal\Owner\Library\org\seleniumhq\selenium\selenium-support\3.4.0\selenium-support-3.4.0.jar;G:\Personal\Owner\Library\cglib\cglib-nodep\3.2.4\cglib-nodep-3.2.4.jar;G:\Personal\Owner\Library\org\apache\commons\commons-exec\1.3\commons-exec-1.3.jar;G:\Personal\Owner\Library\org\apache\commons\commons-lang3\3.5\commons-lang3-3.5.jar;G:\Personal\Owner\Library\commons-codec\commons-codec\1.10\commons-codec-1.10.jar;G:\Personal\Owner\Library\commons-io\commons-io\2.5\commons-io-2.5.jar;G:\Personal\Owner\Library\commons-logging\commons-logging\1.2\commons-logging-1.2.jar;G:\Personal\Owner\Library\org\w3c\css\sac\1.3\sac-1.3.jar;G:\Personal\Owner\Library\net\sourceforge\cssparser\cssparser\0.9.22\cssparser-0.9.22.jar;G:\Personal\Owner\Library\com\google\code\gson\gson\2.8.0\gson-2.8.0.jar;G:\Personal\Owner\Library\com\google\guava\guava\21.0\guava-21.0.jar;G:\Personal\Owner\Library\org\hamcrest\hamcrest-core\1.3\hamcrest-core-1.3.jar;G:\Personal\Owner\Library\net\sourceforge\htmlunit\htmlunit\2.26\htmlunit-2.26.jar;G:\Personal\Owner\Library\net\sourceforge\htmlunit\htmlunit-core-js\2.26\htmlunit-core-js-2.26.jar;G:\Personal\Owner\Library\net\sourceforge\htmlunit\neko-htmlunit\2.25\neko-htmlunit-2.25.jar;G:\Personal\Owner\Library\org\apache\httpcomponents\httpclient\4.5.3\httpclient-4.5.3.jar;G:\Personal\Owner\Library\org\apache\httpcomponents\httpcore\4.4.6\httpcore-4.4.6.jar;G:\Personal\Owner\Library\org\apache\httpcomponents\httpmime\4.5.3\httpmime-4.5.3.jar;G:\Personal\Owner\Library\org\eclipse\jetty\jetty-io\9.4.1.v20170120\jetty-io-9.4.1.v20170120.jar;G:\Personal\Owner\Library\org\eclipse\jetty\jetty-util\9.4.1.v20170120\jetty-util-9.4.1.v20170120.jar;G:\Personal\Owner\Library\net\java\dev\jna\jna\4.1.0\jna-4.1.0.jar;G:\Personal\Owner\Library\net\java\dev\jna\jna-platform\4.1.0\jna-platform-4.1.0.jar;G:\Personal\Owner\Library\junit\junit\4.12\junit-4.12.jar;G:\Personal\Owner\Library\com\codeborne\phantomjsdriver\1.4.0\phantomjsdriver-1.4.0.jar;G:\Personal\Owner\Library\org\seleniumhq\selenium\htmlunit-driver\2.26\htmlunit-driver-2.26.jar;G:\Personal\Owner\Library\javax\servlet\javax.servlet-api\3.1.0\javax.servlet-api-3.1.0.jar;G:\Personal\Owner\Library\org\eclipse\jetty\websocket\websocket-api\9.4.3.v20170317\websocket-api-9.4.3.v20170317.jar;G:\Personal\Owner\Library\org\eclipse\jetty\websocket\websocket-client\9.4.3.v20170317\websocket-client-9.4.3.v20170317.jar;G:\Personal\Owner\Library\org\eclipse\jetty\jetty-client\9.4.3.v20170317\jetty-client-9.4.3.v20170317.jar;G:\Personal\Owner\Library\org\eclipse\jetty\jetty-http\9.4.3.v20170317\jetty-http-9.4.3.v20170317.jar;G:\Personal\Owner\Library\org\eclipse\jetty\websocket\websocket-common\9.4.3.v20170317\websocket-common-9.4.3.v20170317.jar;G:\Personal\Owner\Library\xalan\serializer\2.7.2\serializer-2.7.2.jar;G:\Personal\Owner\Library\xalan\xalan\2.7.2\xalan-2.7.2.jar;G:\Personal\Owner\Library\xerces\xercesImpl\2.11.0\xercesImpl-2.11.0.jar;G:\Personal\Owner\Library\xml-apis\xml-apis\1.4.01\xml-apis-1.4.01.jar;G:\Personal\Owner\Library\org\testng\testng\6.8.8\testng-6.8.8.jar;G:\Personal\Owner\Library\org\beanshell\bsh\2.0b4\bsh-2.0b4.jar;G:\Personal\Owner\Library\com\beust\jcommander\1.27\jcommander-1.27.jar;G:\Personal\Owner\Library\log4j\log4j\1.2.17\log4j-1.2.17.jar;G:\Personal\Owner\Library\org\apache\poi\poi\3.16\poi-3.16.jar;G:\Personal\Owner\Library\org\apache\commons\commons-collections4\4.1\commons-collections4-4.1.jar;G:\Personal\Owner\Library\org\apache\poi\poi-ooxml\3.16\poi-ooxml-3.16.jar;G:\Personal\Owner\Library\org\apache\poi\poi-ooxml-schemas\3.16\poi-ooxml-schemas-3.16.jar;G:\Personal\Owner\Library\org\apache\xmlbeans\xmlbeans\2.6.0\xmlbeans-2.6.0.jar;G:\Personal\Owner\Library\stax\stax-api\1.0.1\stax-api-1.0.1.jar;G:\Personal\Owner\Library\com\github\virtuald\curvesapi\1.04\curvesapi-1.04.jar;G:\Personal\Owner\Library\com\aventstack\extentreports\3.1.5\extentreports-3.1.5.jar;G:\Personal\Owner\Library\org\freemarker\freemarker\2.3.23\freemarker-2.3.23.jar;G:\Personal\Owner\Library\org\mongodb\mongodb-driver\3.3.0\mongodb-driver-3.3.0.jar;G:\Personal\Owner\Library\org\mongodb\bson\3.3.0\bson-3.3.0.jar;G:\Personal\Owner\Library\org\mongodb\mongodb-driver-core\3.3.0\mongodb-driver-core-3.3.0.jar;G:\Personal\Owner\Library\org\jsoup\jsoup\1.9.2\jsoup-1.9.2.jar;G:\Personal\Owner\Library\mysql\mysql-connector-java\5.1.6\mysql-connector-java-5.1.6.jar;"/>
    <property name="java.vm.vendor" value="Oracle Corporation"/>
    <property name="sun.arch.data.model" value="64"/>
    <property name="user.variant" value=""/>
    <property name="java.vendor.url" value="http://java.oracle.com/"/>
    <property name="user.timezone" value="Asia/Calcutta"/>
    <property name="java.vm.specification.version" value="1.8"/>
    <property name="os.name" value="Windows 10"/>
    <property name="user.country" value="IN"/>
    <property name="sun.java.launcher" value="SUN_STANDARD"/>
    <property name="sun.boot.library.path" value="G:\Personal\Owner\Java installation\jdk\jre\bin"/>
    <property name="sun.java.command" value="C:\Users\mlnar\AppData\Local\Temp\surefire8245037803144553184\surefirebooter7953979773370058490.jar C:\Users\mlnar\AppData\Local\Temp\surefire8245037803144553184 2019-12-05T12-55-21_034-jvmRun1 surefire1210337634572061713tmp surefire_08732877175069397728tmp"/>
    <property name="surefire.test.class.path" value="G:\workspace\POM-Practice\target\test-classes;G:\workspace\POM-Practice\target\classes;G:\Personal\Owner\Library\org\seleniumhq\selenium\selenium-java\3.4.0\selenium-java-3.4.0.jar;G:\Personal\Owner\Library\org\seleniumhq\selenium\selenium-api\3.4.0\selenium-api-3.4.0.jar;G:\Personal\Owner\Library\org\seleniumhq\selenium\selenium-chrome-driver\3.4.0\selenium-chrome-driver-3.4.0.jar;G:\Personal\Owner\Library\org\seleniumhq\selenium\selenium-edge-driver\3.4.0\selenium-edge-driver-3.4.0.jar;G:\Personal\Owner\Library\org\seleniumhq\selenium\selenium-firefox-driver\3.4.0\selenium-firefox-driver-3.4.0.jar;G:\Personal\Owner\Library\org\seleniumhq\selenium\selenium-ie-driver\3.4.0\selenium-ie-driver-3.4.0.jar;G:\Personal\Owner\Library\org\seleniumhq\selenium\selenium-opera-driver\3.4.0\selenium-opera-driver-3.4.0.jar;G:\Personal\Owner\Library\org\seleniumhq\selenium\selenium-remote-driver\3.4.0\selenium-remote-driver-3.4.0.jar;G:\Personal\Owner\Library\org\seleniumhq\selenium\selenium-safari-driver\3.4.0\selenium-safari-driver-3.4.0.jar;G:\Personal\Owner\Library\org\seleniumhq\selenium\selenium-support\3.4.0\selenium-support-3.4.0.jar;G:\Personal\Owner\Library\cglib\cglib-nodep\3.2.4\cglib-nodep-3.2.4.jar;G:\Personal\Owner\Library\org\apache\commons\commons-exec\1.3\commons-exec-1.3.jar;G:\Personal\Owner\Library\org\apache\commons\commons-lang3\3.5\commons-lang3-3.5.jar;G:\Personal\Owner\Library\commons-codec\commons-codec\1.10\commons-codec-1.10.jar;G:\Personal\Owner\Library\commons-io\commons-io\2.5\commons-io-2.5.jar;G:\Personal\Owner\Library\commons-logging\commons-logging\1.2\commons-logging-1.2.jar;G:\Personal\Owner\Library\org\w3c\css\sac\1.3\sac-1.3.jar;G:\Personal\Owner\Library\net\sourceforge\cssparser\cssparser\0.9.22\cssparser-0.9.22.jar;G:\Personal\Owner\Library\com\google\code\gson\gson\2.8.0\gson-2.8.0.jar;G:\Personal\Owner\Library\com\google\guava\guava\21.0\guava-21.0.jar;G:\Personal\Owner\Library\org\hamcrest\hamcrest-core\1.3\hamcrest-core-1.3.jar;G:\Personal\Owner\Library\net\sourceforge\htmlunit\htmlunit\2.26\htmlunit-2.26.jar;G:\Personal\Owner\Library\net\sourceforge\htmlunit\htmlunit-core-js\2.26\htmlunit-core-js-2.26.jar;G:\Personal\Owner\Library\net\sourceforge\htmlunit\neko-htmlunit\2.25\neko-htmlunit-2.25.jar;G:\Personal\Owner\Library\org\apache\httpcomponents\httpclient\4.5.3\httpclient-4.5.3.jar;G:\Personal\Owner\Library\org\apache\httpcomponents\httpcore\4.4.6\httpcore-4.4.6.jar;G:\Personal\Owner\Library\org\apache\httpcomponents\httpmime\4.5.3\httpmime-4.5.3.jar;G:\Personal\Owner\Library\org\eclipse\jetty\jetty-io\9.4.1.v20170120\jetty-io-9.4.1.v20170120.jar;G:\Personal\Owner\Library\org\eclipse\jetty\jetty-util\9.4.1.v20170120\jetty-util-9.4.1.v20170120.jar;G:\Personal\Owner\Library\net\java\dev\jna\jna\4.1.0\jna-4.1.0.jar;G:\Personal\Owner\Library\net\java\dev\jna\jna-platform\4.1.0\jna-platform-4.1.0.jar;G:\Personal\Owner\Library\junit\junit\4.12\junit-4.12.jar;G:\Personal\Owner\Library\com\codeborne\phantomjsdriver\1.4.0\phantomjsdriver-1.4.0.jar;G:\Personal\Owner\Library\org\seleniumhq\selenium\htmlunit-driver\2.26\htmlunit-driver-2.26.jar;G:\Personal\Owner\Library\javax\servlet\javax.servlet-api\3.1.0\javax.servlet-api-3.1.0.jar;G:\Personal\Owner\Library\org\eclipse\jetty\websocket\websocket-api\9.4.3.v20170317\websocket-api-9.4.3.v20170317.jar;G:\Personal\Owner\Library\org\eclipse\jetty\websocket\websocket-client\9.4.3.v20170317\websocket-client-9.4.3.v20170317.jar;G:\Personal\Owner\Library\org\eclipse\jetty\jetty-client\9.4.3.v20170317\jetty-client-9.4.3.v20170317.jar;G:\Personal\Owner\Library\org\eclipse\jetty\jetty-http\9.4.3.v20170317\jetty-http-9.4.3.v20170317.jar;G:\Personal\Owner\Library\org\eclipse\jetty\websocket\websocket-common\9.4.3.v20170317\websocket-common-9.4.3.v20170317.jar;G:\Personal\Owner\Library\xalan\serializer\2.7.2\serializer-2.7.2.jar;G:\Personal\Owner\Library\xalan\xalan\2.7.2\xalan-2.7.2.jar;G:\Personal\Owner\Library\xerces\xercesImpl\2.11.0\xercesImpl-2.11.0.jar;G:\Personal\Owner\Library\xml-apis\xml-apis\1.4.01\xml-apis-1.4.01.jar;G:\Personal\Owner\Library\org\testng\testng\6.8.8\testng-6.8.8.jar;G:\Personal\Owner\Library\org\beanshell\bsh\2.0b4\bsh-2.0b4.jar;G:\Personal\Owner\Library\com\beust\jcommander\1.27\jcommander-1.27.jar;G:\Personal\Owner\Library\log4j\log4j\1.2.17\log4j-1.2.17.jar;G:\Personal\Owner\Library\org\apache\poi\poi\3.16\poi-3.16.jar;G:\Personal\Owner\Library\org\apache\commons\commons-collections4\4.1\commons-collections4-4.1.jar;G:\Personal\Owner\Library\org\apache\poi\poi-ooxml\3.16\poi-ooxml-3.16.jar;G:\Personal\Owner\Library\org\apache\poi\poi-ooxml-schemas\3.16\poi-ooxml-schemas-3.16.jar;G:\Personal\Owner\Library\org\apache\xmlbeans\xmlbeans\2.6.0\xmlbeans-2.6.0.jar;G:\Personal\Owner\Library\stax\stax-api\1.0.1\stax-api-1.0.1.jar;G:\Personal\Owner\Library\com\github\virtuald\curvesapi\1.04\curvesapi-1.04.jar;G:\Personal\Owner\Library\com\aventstack\extentreports\3.1.5\extentreports-3.1.5.jar;G:\Personal\Owner\Library\org\freemarker\freemarker\2.3.23\freemarker-2.3.23.jar;G:\Personal\Owner\Library\org\mongodb\mongodb-driver\3.3.0\mongodb-driver-3.3.0.jar;G:\Personal\Owner\Library\org\mongodb\bson\3.3.0\bson-3.3.0.jar;G:\Personal\Owner\Library\org\mongodb\mongodb-driver-core\3.3.0\mongodb-driver-core-3.3.0.jar;G:\Personal\Owner\Library\org\jsoup\jsoup\1.9.2\jsoup-1.9.2.jar;G:\Personal\Owner\Library\mysql\mysql-connector-java\5.1.6\mysql-connector-java-5.1.6.jar;"/>
    <property name="sun.cpu.endian" value="little"/>
    <property name="user.home" value="C:\Users\mlnar"/>
    <property name="user.language" value="en"/>
    <property name="java.specification.vendor" value="Oracle Corporation"/>
    <property name="java.home" value="G:\Personal\Owner\Java installation\jdk\jre"/>
    <property name="basedir" value="G:\workspace\POM-Practice"/>
    <property name="file.separator" value="\"/>
    <property name="line.separator" value="&#10;"/>
    <property name="java.vm.specification.vendor" value="Oracle Corporation"/>
    <property name="java.specification.name" value="Java Platform API Specification"/>
    <property name="java.awt.graphicsenv" value="sun.awt.Win32GraphicsEnvironment"/>
    <property name="surefire.real.class.path" value="C:\Users\mlnar\AppData\Local\Temp\surefire8245037803144553184\surefirebooter7953979773370058490.jar"/>
    <property name="sun.boot.class.path" value="G:\Personal\Owner\Java installation\jdk\jre\lib\resources.jar;G:\Personal\Owner\Java installation\jdk\jre\lib\rt.jar;G:\Personal\Owner\Java installation\jdk\jre\lib\sunrsasign.jar;G:\Personal\Owner\Java installation\jdk\jre\lib\jsse.jar;G:\Personal\Owner\Java installation\jdk\jre\lib\jce.jar;G:\Personal\Owner\Java installation\jdk\jre\lib\charsets.jar;G:\Personal\Owner\Java installation\jdk\jre\lib\jfr.jar;G:\Personal\Owner\Java installation\jdk\jre\classes"/>
    <property name="user.script" value=""/>
    <property name="sun.management.compiler" value="HotSpot 64-Bit Tiered Compilers"/>
    <property name="java.runtime.version" value="1.8.0_221-b11"/>
    <property name="user.name" value="mlnar"/>
    <property name="path.separator" value=";"/>
    <property name="os.version" value="10.0"/>
    <property name="java.endorsed.dirs" value="G:\Personal\Owner\Java installation\jdk\jre\lib\endorsed"/>
    <property name="java.runtime.name" value="Java(TM) SE Runtime Environment"/>
    <property name="file.encoding" value="Cp1252"/>
    <property name="jnidispatch.path" value="C:\Users\mlnar\AppData\Local\Temp\jna-103990048\jna5579969339800434911.dll"/>
    <property name="java.vm.name" value="Java HotSpot(TM) 64-Bit Server VM"/>
    <property name="localRepository" value="G:\Personal\Owner\Library"/>
    <property name="java.vendor.url.bug" value="http://bugreport.sun.com/bugreport/"/>
    <property name="java.io.tmpdir" value="C:\Users\mlnar\AppData\Local\Temp\"/>
    <property name="java.version" value="1.8.0_221"/>
    <property name="user.dir" value="G:\workspace\POM-Practice"/>
    <property name="os.arch" value="amd64"/>
    <property name="java.vm.specification.name" value="Java Virtual Machine Specification"/>
    <property name="java.awt.printerjob" value="sun.awt.windows.WPrinterJob"/>
    <property name="sun.os.patch.level" value=""/>
    <property name="java.library.path" value="G:\Personal\Owner\Java installation\jdk\jre\bin;C:\WINDOWS\Sun\Java\bin;C:\WINDOWS\system32;C:\WINDOWS;G:/Personal/Owner/Java installation/jdk/bin/../jre/bin/server;G:/Personal/Owner/Java installation/jdk/bin/../jre/bin;G:/Personal/Owner/Java installation/jdk/bin/../jre/lib/amd64;C:\WINDOWS\system32;C:\WINDOWS;C:\WINDOWS\System32\Wbem;C:\WINDOWS\System32\WindowsPowerShell\v1.0\;C:\WINDOWS\System32\OpenSSH\;G:\Personal\Owner\Java installation\jdk\bin;G:\Personal\Owner\LSoftwares\maven\bin;G:\Personal\Owner\Java installation\jdk\bin;G:\Selenium\DriverPath\geckodriver-v0.25.0-win64;;G:\eclipse-jee-mars-R-win32-x86_64\eclipse;;."/>
    <property name="java.vm.info" value="mixed mode"/>
    <property name="java.vendor" value="Oracle Corporation"/>
    <property name="java.vm.version" value="25.221-b11"/>
    <property name="java.ext.dirs" value="G:\Personal\Owner\Java installation\jdk\jre\lib\ext;C:\WINDOWS\Sun\Java\lib\ext"/>
    <property name="sun.io.unicode.encoding" value="UnicodeLittle"/>
    <property name="java.class.version" value="52.0"/>
  </properties>
  <testcase name="testLoginToApplication" classname="com.uIFrameWork.companyName.projectNmae.testScript.LogInPage.LoginTest" time="22.723"/>
  <testcase name="testRegistrationTest" classname="com.uIFrameWork.companyName.projectNmae.testScript.RegistrationPage.RegistrationTest" time="30.4"/>
</testsuite>