<?xml version="1.0" encoding="UTF-8"?>
<!-- Generated by org.testng.reporters.JUnitReportReporter -->
<testsuite hostname="LAPTOP-3DNME7KP" name="com.uIFrameWork.companyName.projectNmae.testScript.LogInPage.LogInTestWithDatadrivenApproach" tests="3" failures="0" timestamp="4 Dec 2019 11:21:45 GMT" time="40.480" errors="0">
  <testcase name="logInTestWithDatadriven" time="13.360" classname="com.uIFrameWork.companyName.projectNmae.testScript.LogInPage.LogInTestWithDatadrivenApproach"/>
  <testcase name="logInTestWithDatadriven" time="12.054" classname="com.uIFrameWork.companyName.projectNmae.testScript.LogInPage.LogInTestWithDatadrivenApproach"/>
  <testcase name="logInTestWithDatadriven" time="15.066" classname="com.uIFrameWork.companyName.projectNmae.testScript.LogInPage.LogInTestWithDatadrivenApproach"/>
</testsuite> <!-- com.uIFrameWork.companyName.projectNmae.testScript.LogInPage.LogInTestWithDatadrivenApproach -->
