<?xml version="1.0" encoding="UTF-8"?>
<!-- Generated by org.testng.reporters.JUnitReportReporter -->
<testsuite hostname="LAPTOP-3DNME7KP" name="com.uIFrameWork.companyName.projectNmae.testScript.RegistrationPage.RegistrationTest" tests="1" failures="0" timestamp="3 Dec 2019 17:55:11 GMT" time="32.738" errors="0">
  <testcase name="testRegistrationTest" time="32.738" classname="com.uIFrameWork.companyName.projectNmae.testScript.RegistrationPage.RegistrationTest"/>
</testsuite> <!-- com.uIFrameWork.companyName.projectNmae.testScript.RegistrationPage.RegistrationTest -->
