<?xml version="1.0" encoding="UTF-8"?>
<!-- Generated by org.testng.reporters.JUnitReportReporter -->
<testsuite hostname="LAPTOP-3DNME7KP" name="com.uIFrameWork.companyName.projectNmae.testScript.RegistrationTest" tests="1" failures="0" timestamp="3 Dec 2019 06:42:12 GMT" time="17.427" errors="0">
  <testcase name="testRegistrationTest" time="17.427" classname="com.uIFrameWork.companyName.projectNmae.testScript.RegistrationTest"/>
</testsuite> <!-- com.uIFrameWork.companyName.projectNmae.testScript.RegistrationTest -->
