<?xml version="1.0" encoding="UTF-8"?>
<!-- Generated by org.testng.reporters.JUnitReportReporter -->
<testsuite hostname="LAPTOP-3DNME7KP" name="com.uIFrameWork.companyName.projectNmae.testScript.LogInPage.LoginTest" tests="1" failures="0" timestamp="3 Dec 2019 17:55:11 GMT" time="31.420" errors="0">
  <testcase name="testLoginToApplication" time="31.420" classname="com.uIFrameWork.companyName.projectNmae.testScript.LogInPage.LoginTest"/>
</testsuite> <!-- com.uIFrameWork.companyName.projectNmae.testScript.LogInPage.LoginTest -->
