<?xml version="1.0" encoding="UTF-8"?>
<!-- Generated by org.testng.reporters.JUnitReportReporter -->
<testsuite hostname="LAPTOP-3DNME7KP" name="com.uIFrameWork.A" tests="1" failures="0" timestamp="30 Nov 2019 08:38:49 GMT" time="1.510" errors="0">
  <testcase name="testLoginA" time="1.510" classname="com.uIFrameWork.A"/>
</testsuite> <!-- com.uIFrameWork.A -->
