<?xml version="1.0" encoding="UTF-8"?>
<!-- Generated by org.testng.reporters.JUnitReportReporter -->
<testsuite hostname="LAPTOP-3DNME7KP" name="com.uIFrameWork.companyName.projectNmae.testScript.LogInPage.LoginTest" tests="1" failures="0" timestamp="5 Dec 2019 07:26:49 GMT" time="23.120" errors="0">
  <testcase name="testLoginToApplication" time="23.120" classname="com.uIFrameWork.companyName.projectNmae.testScript.LogInPage.LoginTest"/>
</testsuite> <!-- com.uIFrameWork.companyName.projectNmae.testScript.LogInPage.LoginTest -->
